<?xml version="1.0" encoding="UTF-8"?>
<!-- Generated by org.testng.reporters.JUnitReportReporter -->
<testsuite hostname="LAP-04-1581" name="com.deena.TestNGLearn.YahooRegistrationTest" tests="4" failures="0" timestamp="14 Oct 2016 09:14:57 GMT" time="0.006" errors="0">
  <testcase name="reg_test4" time="0.001" classname="com.deena.TestNGLearn.YahooRegistrationTest"/>
  <testcase name="reg_test4" time="0.002" classname="com.deena.TestNGLearn.YahooRegistrationTest"/>
  <testcase name="reg_test4" time="0.001" classname="com.deena.TestNGLearn.YahooRegistrationTest"/>
  <testcase name="reg_test4" time="0.002" classname="com.deena.TestNGLearn.YahooRegistrationTest"/>
</testsuite> <!-- com.deena.TestNGLearn.YahooRegistrationTest -->
