<?xml version="1.0" encoding="UTF-8"?>
<!-- Generated by org.testng.reporters.JUnitReportReporter -->
<testsuite hostname="LAP-04-1581" name="com.deena.TestNGLearn.YahooRegistrationTest" tests="24" failures="0" timestamp="6 Aug 2016 02:03:13 GMT" time="0.066" errors="0">
  <testcase name="registration_test3" time="0.006" classname="com.deena.TestNGLearn.YahooRegistrationTest"/>
  <testcase name="registration_test" time="0.001" classname="com.deena.TestNGLearn.YahooRegistrationTest"/>
  <testcase name="registration_test1" time="0.001" classname="com.deena.TestNGLearn.YahooRegistrationTest"/>
  <testcase name="registration_test2" time="0.001" classname="com.deena.TestNGLearn.YahooRegistrationTest"/>
  <testcase name="registration_test3" time="0.003" classname="com.deena.TestNGLearn.YahooRegistrationTest"/>
  <testcase name="registration_test1" time="0.001" classname="com.deena.TestNGLearn.YahooRegistrationTest"/>
  <testcase name="registration_test3" time="0.003" classname="com.deena.TestNGLearn.YahooRegistrationTest"/>
  <testcase name="registration_test" time="0.001" classname="com.deena.TestNGLearn.YahooRegistrationTest"/>
  <testcase name="registration_test2" time="0.003" classname="com.deena.TestNGLearn.YahooRegistrationTest"/>
  <testcase name="registration_test" time="0.002" classname="com.deena.TestNGLearn.YahooRegistrationTest"/>
  <testcase name="registration_test" time="0.002" classname="com.deena.TestNGLearn.YahooRegistrationTest"/>
  <testcase name="registration_test1" time="0.001" classname="com.deena.TestNGLearn.YahooRegistrationTest"/>
  <testcase name="registration_test3" time="0.004" classname="com.deena.TestNGLearn.YahooRegistrationTest"/>
  <testcase name="registration_test" time="0.004" classname="com.deena.TestNGLearn.YahooRegistrationTest"/>
  <testcase name="registration_test2" time="0.005" classname="com.deena.TestNGLearn.YahooRegistrationTest"/>
  <testcase name="registration_test" time="0.001" classname="com.deena.TestNGLearn.YahooRegistrationTest"/>
  <testcase name="registration_test" time="0.002" classname="com.deena.TestNGLearn.YahooRegistrationTest"/>
  <testcase name="registration_test3" time="0.001" classname="com.deena.TestNGLearn.YahooRegistrationTest"/>
  <testcase name="registration_test3" time="0.001" classname="com.deena.TestNGLearn.YahooRegistrationTest"/>
  <testcase name="registration_test2" time="0.002" classname="com.deena.TestNGLearn.YahooRegistrationTest"/>
  <testcase name="registration_test3" time="0.001" classname="com.deena.TestNGLearn.YahooRegistrationTest"/>
  <testcase name="registration_test3" time="0.001" classname="com.deena.TestNGLearn.YahooRegistrationTest"/>
  <testcase name="registration_test" time="0.006" classname="com.deena.TestNGLearn.YahooRegistrationTest"/>
  <testcase name="registration_test1" time="0.013" classname="com.deena.TestNGLearn.YahooRegistrationTest"/>
</testsuite> <!-- com.deena.TestNGLearn.YahooRegistrationTest -->
