<?xml version="1.0" encoding="UTF-8"?>
<!-- Generated by org.testng.reporters.JUnitReportReporter -->
<testsuite hostname="LAP-04-1581" name="com.deena.TestNGLearn.YahooNewsTest" tests="3" failures="0" timestamp="25 Aug 2016 14:01:17 GMT" time="0.002" errors="0">
  <testcase name="News_Test1" time="0.001" classname="com.deena.TestNGLearn.YahooNewsTest"/>
  <testcase name="News_Test2" time="0.001" classname="com.deena.TestNGLearn.YahooNewsTest"/>
  <testcase name="News_Test3" time="0.000" classname="com.deena.TestNGLearn.YahooNewsTest"/>
</testsuite> <!-- com.deena.TestNGLearn.YahooNewsTest -->
